<?xml version="1.0" encoding="UTF-8"?>
<testng-results skipped="0" failed="0" total="1" passed="1">
  <reporter-output>
  </reporter-output>
  <suite name="Suite" duration-ms="232" started-at="2016-05-21T13:31:22Z" finished-at="2016-05-21T13:31:23Z">
    <groups>
    </groups>
    <test name="Test" duration-ms="232" started-at="2016-05-21T13:31:22Z" finished-at="2016-05-21T13:31:23Z">
      <class name="testScripts.TestMulitplesheetsDP">
        <test-method status="PASS" signature="booksearch_EndtoEnd1(java.util.HashMap)[pri:0, instance:testScripts.TestMulitplesheetsDP@5f375618]" name="booksearch_EndtoEnd1" duration-ms="16" started-at="2016-05-21T19:01:22Z" data-provider="CBIndia_mulitpleEndtoEnd1" finished-at="2016-05-21T19:01:23Z">
          <params>
            <param index="0">
              <value>
                <![CDATA[{noofBooks=5.0, AA=Informatica, BB=EndtoEnd2, CC=1.0, A=Informatica, B=EndtoEnd2, C=1.0, Bookname=Testing, ISBN_NUM=456}]]>
              </value>
            </param>
          </params>
          <reporter-output>
          </reporter-output>
        </test-method> <!-- booksearch_EndtoEnd1 -->
      </class> <!-- testScripts.TestMulitplesheetsDP -->
    </test> <!-- Test -->
  </suite> <!-- Suite -->
</testng-results>
